\BOOKMARK [1][-]{section.1}{\376\377\000I\000n\000t\000r\000o\000d\000u\000z\000i\000o\000n\000e}{}% 1
\BOOKMARK [1][-]{section.2}{\376\377\000S\000t\000a\000t\000o\000\040\000d\000e\000l\000l\000'\000A\000r\000t\000e}{}% 2
\BOOKMARK [2][-]{subsection.2.1}{\376\377\000M\000o\000d\000e\000l\000l\000i\000\040\000C\000o\000m\000p\000a\000r\000t\000i\000m\000e\000n\000t\000a\000l\000i}{section.2}% 3
\BOOKMARK [3][-]{subsubsection.2.1.1}{\376\377\000M\000o\000d\000e\000l\000l\000i\000\040\000D\000e\000t\000e\000r\000m\000i\000n\000i\000s\000t\000i\000c\000i}{subsection.2.1}% 4
\BOOKMARK [3][-]{subsubsection.2.1.2}{\376\377\000M\000o\000d\000e\000l\000l\000i\000\040\000S\000t\000o\000c\000a\000s\000t\000i\000c\000i}{subsection.2.1}% 5
\BOOKMARK [2][-]{subsection.2.2}{\376\377\000M\000o\000d\000e\000l\000l\000i\000\040\000a\000d\000\040\000A\000g\000e\000n\000t\000e}{section.2}% 6
\BOOKMARK [3][-]{subsubsection.2.2.1}{\376\377\000D\000i\000s\000c\000r\000e\000t\000i\000z\000z\000a\000z\000i\000o\000n\000e}{subsection.2.2}% 7
\BOOKMARK [2][-]{subsection.2.3}{\376\377\000E\000p\000i\000d\000e\000m\000i\000o\000l\000o\000g\000i\000a}{section.2}% 8
\BOOKMARK [2][-]{subsection.2.4}{\376\377\000J\000u\000l\000i\000a}{section.2}% 9
\BOOKMARK [3][-]{subsubsection.2.4.1}{\376\377\000A\000g\000e\000n\000t\000s\000.\000j\000l}{subsection.2.4}% 10
\BOOKMARK [3][-]{subsubsection.2.4.2}{\376\377\000S\000c\000i\000M\000L\000.\000a\000i}{subsection.2.4}% 11
\BOOKMARK [1][-]{section.3}{\376\377\000M\000e\000t\000o\000d\000i\000\040\000e\000\040\000M\000o\000d\000e\000l\000l\000i}{}% 12
\BOOKMARK [2][-]{subsection.3.1}{\376\377\000C\000O\000V\000I\000D\000-\0001\0009}{section.3}% 13
\BOOKMARK [3][-]{subsubsection.3.1.1}{\376\377\000M\000o\000d\000e\000l\000l\000i\000\040\000S\000E\000I\000R}{subsection.3.1}% 14
\BOOKMARK [3][-]{subsubsection.3.1.2}{\376\377\000M\000o\000d\000e\000l\000l\000i\000\040\000a\000d\000\040\000A\000g\000e\000n\000t\000e}{subsection.3.1}% 15
\BOOKMARK [2][-]{subsection.3.2}{\376\377\000A\000l\000t\000r\000e\000\040\000e\000p\000i\000d\000e\000m\000i\000e}{section.3}% 16
\BOOKMARK [3][-]{subsubsection.3.2.1}{\376\377\000E\000b\000o\000l\000a}{subsection.3.2}% 17
\BOOKMARK [3][-]{subsubsection.3.2.2}{\376\377\000A\000v\000i\000a\000r\000i\000a}{subsection.3.2}% 18
\BOOKMARK [3][-]{subsubsection.3.2.3}{\376\377\000I\000n\000f\000l\000u\000e\000n\000z\000a}{subsection.3.2}% 19
\BOOKMARK [2][-]{subsection.3.3}{\376\377\000M\000o\000n\000i\000t\000o\000r\000a\000g\000g\000i\000o\000\040\000e\000\040\000I\000n\000t\000e\000r\000v\000e\000n\000t\000o}{section.3}% 20
\BOOKMARK [1][-]{section.4}{\376\377\000R\000i\000s\000u\000l\000t\000a\000t\000i\000\040\000O\000t\000t\000e\000n\000u\000t\000i}{}% 21
\BOOKMARK [1][-]{section.5}{\376\377\000C\000o\000n\000c\000l\000u\000s\000i\000o\000n\000i}{}% 22
